<?xml version="1.0" encoding="UTF-8"?>
<testsuite name="cs3500.pa05.model.records.JsonUtilsTest" tests="1" skipped="0" failures="0" errors="0" timestamp="2023-06-22T00:23:11" hostname="Krishs-MacBook-8.local" time="2.64">
  <properties/>
  <testcase name="serializeRecord()" classname="cs3500.pa05.model.records.JsonUtilsTest" time="2.64"/>
  <system-out><![CDATA[]]></system-out>
  <system-err><![CDATA[]]></system-err>
</testsuite>
